# JRE version: Java(TM) SE Runtime Environment (8.0_31-b13) (build 1.8.0_31-b13)
# Java VM: Java HotSpot(TM) 64-Bit Server VM (25.31-b07 mixed mode windows-amd64 compressed oops)
Heap:
 PSYoungGen      total 284672K, used 96079K [0x0000000715a00000, 0x0000000728500000, 0x00000007c0000000)
  eden space 263168K, 36% used [0x0000000715a00000,0x000000071b7d3c90,0x0000000725b00000)
  from space 21504K, 0% used [0x0000000725b00000,0x0000000725b00000,0x0000000727000000)
  to   space 21504K, 0% used [0x0000000727000000,0x0000000727000000,0x0000000728500000)
 ParOldGen       total 349696K, used 4036K [0x00000005c0e00000, 0x00000005d6380000, 0x0000000715a00000)
  object space 349696K, 1% used [0x00000005c0e00000,0x00000005c11f1328,0x00000005d6380000)
 Metaspace       used 14149K, capacity 14372K, committed 14592K, reserved 1062912K
  class space    used 1646K, capacity 1715K, committed 1792K, reserved 1048576K
GC Heap History (10 events):
Event: 2.801 GC heap before
{Heap before GC invocations=5 (full 2):
 PSYoungGen      total 284672K, used 288K [0x0000000715a00000, 0x0000000728500000, 0x00000007c0000000)
  eden space 263168K, 0% used [0x0000000715a00000,0x0000000715a00000,0x0000000725b00000)
  from space 21504K, 1% used [0x0000000725b00000,0x0000000725b48000,0x0000000727000000)
  to   space 21504K, 0% used [0x0000000727000000,0x0000000727000000,0x0000000728500000)
 ParOldGen       total 349696K, used 3910K [0x00000005c0e00000, 0x00000005d6380000, 0x0000000715a00000)
  object space 349696K, 1% used [0x00000005c0e00000,0x00000005c11d1ae0,0x00000005d6380000)
 Metaspace       used 11751K, capacity 11902K, committed 12160K, reserved 1060864K
  class space    used 1349K, capacity 1394K, committed 1408K, reserved 1048576K
Event: 2.880 GC heap after
Heap after GC invocations=5 (full 2):
 PSYoungGen      total 284672K, used 0K [0x0000000715a00000, 0x0000000728500000, 0x00000007c0000000)
  eden space 263168K, 0% used [0x0000000715a00000,0x0000000715a00000,0x0000000725b00000)
  from space 21504K, 0% used [0x0000000725b00000,0x0000000725b00000,0x0000000727000000)
  to   space 21504K, 0% used [0x0000000727000000,0x0000000727000000,0x0000000728500000)
 ParOldGen       total 349696K, used 4027K [0x00000005c0e00000, 0x00000005d6380000, 0x0000000715a00000)
  object space 349696K, 1% used [0x00000005c0e00000,0x00000005c11eece8,0x00000005d6380000)
 Metaspace       used 11751K, capacity 11902K, committed 12160K, reserved 1060864K
  class space    used 1349K, capacity 1394K, committed 1408K, reserved 1048576K
}
Event: 2.981 GC heap before
{Heap before GC invocations=6 (full 2):
 PSYoungGen      total 284672K, used 18538K [0x0000000715a00000, 0x0000000728500000, 0x00000007c0000000)
  eden space 263168K, 7% used [0x0000000715a00000,0x0000000716c1a930,0x0000000725b00000)
  from space 21504K, 0% used [0x0000000725b00000,0x0000000725b00000,0x0000000727000000)
  to   space 21504K, 0% used [0x0000000727000000,0x0000000727000000,0x0000000728500000)
 ParOldGen       total 349696K, used 4027K [0x00000005c0e00000, 0x00000005d6380000, 0x0000000715a00000)
  object space 349696K, 1% used [0x00000005c0e00000,0x00000005c11eece8,0x00000005d6380000)
 Metaspace       used 11777K, capacity 11914K, committed 12160K, reserved 1060864K
  class space    used 1352K, capacity 1396K, committed 1408K, reserved 1048576K
Event: 2.982 GC heap after
Heap after GC invocations=6 (full 2):
 PSYoungGen      total 284672K, used 288K [0x0000000715a00000, 0x0000000728500000, 0x00000007c0000000)
  eden space 263168K, 0% used [0x0000000715a00000,0x0000000715a00000,0x0000000725b00000)
  from space 21504K, 1% used [0x0000000727000000,0x0000000727048000,0x0000000728500000)
  to   space 21504K, 0% used [0x0000000725b00000,0x0000000725b00000,0x0000000727000000)
 ParOldGen       total 349696K, used 4035K [0x00000005c0e00000, 0x00000005d6380000, 0x0000000715a00000)
  object space 349696K, 1% used [0x00000005c0e00000,0x00000005c11f0ce8,0x00000005d6380000)
 Metaspace       used 11777K, capacity 11914K, committed 12160K, reserved 1060864K
  class space    used 1352K, capacity 1396K, committed 1408K, reserved 1048576K
}
Event: 2.982 GC heap before
{Heap before GC invocations=7 (full 3):
 PSYoungGen      total 284672K, used 288K [0x0000000715a00000, 0x0000000728500000, 0x00000007c0000000)
  eden space 263168K, 0% used [0x0000000715a00000,0x0000000715a00000,0x0000000725b00000)
  from space 21504K, 1% used [0x0000000727000000,0x0000000727048000,0x0000000728500000)
  to   space 21504K, 0% used [0x0000000725b00000,0x0000000725b00000,0x0000000727000000)
 ParOldGen       total 349696K, used 4035K [0x00000005c0e00000, 0x00000005d6380000, 0x0000000715a00000)
  object space 349696K, 1% used [0x00000005c0e00000,0x00000005c11f0ce8,0x00000005d6380000)
 Metaspace       used 11777K, capacity 11914K, committed 12160K, reserved 1060864K
  class space    used 1352K, capacity 1396K, committed 1408K, reserved 1048576K
Event: 3.022 GC heap after
Heap after GC invocations=7 (full 3):
 PSYoungGen      total 284672K, used 0K [0x0000000715a00000, 0x0000000728500000, 0x00000007c0000000)
  eden space 263168K, 0% used [0x0000000715a00000,0x0000000715a00000,0x0000000725b00000)
  from space 21504K, 0% used [0x0000000727000000,0x0000000727000000,0x0000000728500000)
  to   space 21504K, 0% used [0x0000000725b00000,0x0000000725b00000,0x0000000727000000)
 ParOldGen       total 349696K, used 4033K [0x00000005c0e00000, 0x00000005d6380000, 0x0000000715a00000)
  object space 349696K, 1% used [0x00000005c0e00000,0x00000005c11f0630,0x00000005d6380000)
 Metaspace       used 11777K, capacity 11914K, committed 12160K, reserved 1060864K
  class space    used 1352K, capacity 1396K, committed 1408K, reserved 1048576K
}
Event: 3.177 GC heap before
{Heap before GC invocations=8 (full 3):
 PSYoungGen      total 284672K, used 13230K [0x0000000715a00000, 0x0000000728500000, 0x00000007c0000000)
  eden space 263168K, 5% used [0x0000000715a00000,0x00000007166ebaa8,0x0000000725b00000)
  from space 21504K, 0% used [0x0000000727000000,0x0000000727000000,0x0000000728500000)
  to   space 21504K, 0% used [0x0000000725b00000,0x0000000725b00000,0x0000000727000000)
 ParOldGen       total 349696K, used 4033K [0x00000005c0e00000, 0x00000005d6380000, 0x0000000715a00000)
  object space 349696K, 1% used [0x00000005c0e00000,0x00000005c11f0630,0x00000005d6380000)
 Metaspace       used 11799K, capacity 11978K, committed 12160K, reserved 1060864K
  class space    used 1352K, capacity 1396K, committed 1408K, reserved 1048576K
Event: 3.178 GC heap after
Heap after GC invocations=8 (full 3):
 PSYoungGen      total 284672K, used 288K [0x0000000715a00000, 0x0000000728500000, 0x00000007c0000000)
  eden space 263168K, 0% used [0x0000000715a00000,0x0000000715a00000,0x0000000725b00000)
  from space 21504K, 1% used [0x0000000725b00000,0x0000000725b48000,0x0000000727000000)
  to   space 21504K, 0% used [0x0000000727000000,0x0000000727000000,0x0000000728500000)
 ParOldGen       total 349696K, used 4041K [0x00000005c0e00000, 0x00000005d6380000, 0x0000000715a00000)
  object space 349696K, 1% used [0x00000005c0e00000,0x00000005c11f2630,0x00000005d6380000)
 Metaspace       used 11799K, capacity 11978K, committed 12160K, reserved 1060864K
  class space    used 1352K, capacity 1396K, committed 1408K, reserved 1048576K
}
Event: 3.178 GC heap before
{Heap before GC invocations=9 (full 4):
 PSYoungGen      total 284672K, used 288K [0x0000000715a00000, 0x0000000728500000, 0x00000007c0000000)
  eden space 263168K, 0% used [0x0000000715a00000,0x0000000715a00000,0x0000000725b00000)
  from space 21504K, 1% used [0x0000000725b00000,0x0000000725b48000,0x0000000727000000)
  to   space 21504K, 0% used [0x0000000727000000,0x0000000727000000,0x0000000728500000)
 ParOldGen       total 349696K, used 4041K [0x00000005c0e00000, 0x00000005d6380000, 0x0000000715a00000)
  object space 349696K, 1% used [0x00000005c0e00000,0x00000005c11f2630,0x00000005d6380000)
 Metaspace       used 11799K, capacity 11978K, committed 12160K, reserved 1060864K
  class space    used 1352K, capacity 1396K, committed 1408K, reserved 1048576K
Event: 3.218 GC heap after
Heap after GC invocations=9 (full 4):
 PSYoungGen      total 284672K, used 0K [0x0000000715a00000, 0x0000000728500000, 0x00000007c0000000)
  eden space 263168K, 0% used [0x0000000715a00000,0x0000000715a00000,0x0000000725b00000)
  from space 21504K, 0% used [0x0000000725b00000,0x0000000725b00000,0x0000000727000000)
  to   space 21504K, 0% used [0x0000000727000000,0x0000000727000000,0x0000000728500000)
 ParOldGen       total 349696K, used 4036K [0x00000005c0e00000, 0x00000005d6380000, 0x0000000715a00000)
  object space 349696K, 1% used [0x00000005c0e00000,0x00000005c11f1328,0x00000005d6380000)
 Metaspace       used 11799K, capacity 11978K, committed 12160K, reserved 1060864K
  class space    used 1352K, capacity 1396K, committed 1408K, reserved 1048576K
}

