# JRE version: Java(TM) SE Runtime Environment (8.0_31-b13) (build 1.8.0_31-b13)
# Java VM: Java HotSpot(TM) 64-Bit Server VM (25.31-b07 mixed mode windows-amd64 compressed oops)
Heap:
 PSYoungGen      total 284672K, used 130731K [0x0000000715a00000, 0x0000000728500000, 0x00000007c0000000)
  eden space 263168K, 49% used [0x0000000715a00000,0x000000071d9aad40,0x0000000725b00000)
  from space 21504K, 0% used [0x0000000725b00000,0x0000000725b00000,0x0000000727000000)
  to   space 21504K, 0% used [0x0000000727000000,0x0000000727000000,0x0000000728500000)
 ParOldGen       total 349696K, used 4031K [0x00000005c0e00000, 0x00000005d6380000, 0x0000000715a00000)
  object space 349696K, 1% used [0x00000005c0e00000,0x00000005c11efdf8,0x00000005d6380000)
 Metaspace       used 13873K, capacity 14116K, committed 14336K, reserved 1062912K
  class space    used 1639K, capacity 1715K, committed 1792K, reserved 1048576K
GC Heap History (10 events):
Event: 2.781 GC heap before
{Heap before GC invocations=5 (full 2):
 PSYoungGen      total 284672K, used 288K [0x0000000715a00000, 0x0000000728500000, 0x00000007c0000000)
  eden space 263168K, 0% used [0x0000000715a00000,0x0000000715a00000,0x0000000725b00000)
  from space 21504K, 1% used [0x0000000725b00000,0x0000000725b48000,0x0000000727000000)
  to   space 21504K, 0% used [0x0000000727000000,0x0000000727000000,0x0000000728500000)
 ParOldGen       total 349696K, used 3925K [0x00000005c0e00000, 0x00000005d6380000, 0x0000000715a00000)
  object space 349696K, 1% used [0x00000005c0e00000,0x00000005c11d54e0,0x00000005d6380000)
 Metaspace       used 11433K, capacity 11582K, committed 11648K, reserved 1058816K
  class space    used 1344K, capacity 1394K, committed 1408K, reserved 1048576K
Event: 2.815 GC heap after
Heap after GC invocations=5 (full 2):
 PSYoungGen      total 284672K, used 0K [0x0000000715a00000, 0x0000000728500000, 0x00000007c0000000)
  eden space 263168K, 0% used [0x0000000715a00000,0x0000000715a00000,0x0000000725b00000)
  from space 21504K, 0% used [0x0000000725b00000,0x0000000725b00000,0x0000000727000000)
  to   space 21504K, 0% used [0x0000000727000000,0x0000000727000000,0x0000000728500000)
 ParOldGen       total 349696K, used 4023K [0x00000005c0e00000, 0x00000005d6380000, 0x0000000715a00000)
  object space 349696K, 1% used [0x00000005c0e00000,0x00000005c11ede50,0x00000005d6380000)
 Metaspace       used 11433K, capacity 11582K, committed 11648K, reserved 1058816K
  class space    used 1344K, capacity 1394K, committed 1408K, reserved 1048576K
}
Event: 2.976 GC heap before
{Heap before GC invocations=6 (full 2):
 PSYoungGen      total 284672K, used 18538K [0x0000000715a00000, 0x0000000728500000, 0x00000007c0000000)
  eden space 263168K, 7% used [0x0000000715a00000,0x0000000716c1a930,0x0000000725b00000)
  from space 21504K, 0% used [0x0000000725b00000,0x0000000725b00000,0x0000000727000000)
  to   space 21504K, 0% used [0x0000000727000000,0x0000000727000000,0x0000000728500000)
 ParOldGen       total 349696K, used 4023K [0x00000005c0e00000, 0x00000005d6380000, 0x0000000715a00000)
  object space 349696K, 1% used [0x00000005c0e00000,0x00000005c11ede50,0x00000005d6380000)
 Metaspace       used 11475K, capacity 11658K, committed 11904K, reserved 1060864K
  class space    used 1347K, capacity 1396K, committed 1408K, reserved 1048576K
Event: 2.976 GC heap after
Heap after GC invocations=6 (full 2):
 PSYoungGen      total 284672K, used 288K [0x0000000715a00000, 0x0000000728500000, 0x00000007c0000000)
  eden space 263168K, 0% used [0x0000000715a00000,0x0000000715a00000,0x0000000725b00000)
  from space 21504K, 1% used [0x0000000727000000,0x0000000727048000,0x0000000728500000)
  to   space 21504K, 0% used [0x0000000725b00000,0x0000000725b00000,0x0000000727000000)
 ParOldGen       total 349696K, used 4031K [0x00000005c0e00000, 0x00000005d6380000, 0x0000000715a00000)
  object space 349696K, 1% used [0x00000005c0e00000,0x00000005c11efe50,0x00000005d6380000)
 Metaspace       used 11475K, capacity 11658K, committed 11904K, reserved 1060864K
  class space    used 1347K, capacity 1396K, committed 1408K, reserved 1048576K
}
Event: 2.976 GC heap before
{Heap before GC invocations=7 (full 3):
 PSYoungGen      total 284672K, used 288K [0x0000000715a00000, 0x0000000728500000, 0x00000007c0000000)
  eden space 263168K, 0% used [0x0000000715a00000,0x0000000715a00000,0x0000000725b00000)
  from space 21504K, 1% used [0x0000000727000000,0x0000000727048000,0x0000000728500000)
  to   space 21504K, 0% used [0x0000000725b00000,0x0000000725b00000,0x0000000727000000)
 ParOldGen       total 349696K, used 4031K [0x00000005c0e00000, 0x00000005d6380000, 0x0000000715a00000)
  object space 349696K, 1% used [0x00000005c0e00000,0x00000005c11efe50,0x00000005d6380000)
 Metaspace       used 11475K, capacity 11658K, committed 11904K, reserved 1060864K
  class space    used 1347K, capacity 1396K, committed 1408K, reserved 1048576K
Event: 2.989 GC heap after
Heap after GC invocations=7 (full 3):
 PSYoungGen      total 284672K, used 0K [0x0000000715a00000, 0x0000000728500000, 0x00000007c0000000)
  eden space 263168K, 0% used [0x0000000715a00000,0x0000000715a00000,0x0000000725b00000)
  from space 21504K, 0% used [0x0000000727000000,0x0000000727000000,0x0000000728500000)
  to   space 21504K, 0% used [0x0000000725b00000,0x0000000725b00000,0x0000000727000000)
 ParOldGen       total 349696K, used 4029K [0x00000005c0e00000, 0x00000005d6380000, 0x0000000715a00000)
  object space 349696K, 1% used [0x00000005c0e00000,0x00000005c11ef4e8,0x00000005d6380000)
 Metaspace       used 11475K, capacity 11658K, committed 11904K, reserved 1060864K
  class space    used 1347K, capacity 1396K, committed 1408K, reserved 1048576K
}
Event: 3.538 GC heap before
{Heap before GC invocations=8 (full 3):
 PSYoungGen      total 284672K, used 10598K [0x0000000715a00000, 0x0000000728500000, 0x00000007c0000000)
  eden space 263168K, 4% used [0x0000000715a00000,0x0000000716459be0,0x0000000725b00000)
  from space 21504K, 0% used [0x0000000727000000,0x0000000727000000,0x0000000728500000)
  to   space 21504K, 0% used [0x0000000725b00000,0x0000000725b00000,0x0000000727000000)
 ParOldGen       total 349696K, used 4029K [0x00000005c0e00000, 0x00000005d6380000, 0x0000000715a00000)
  object space 349696K, 1% used [0x00000005c0e00000,0x00000005c11ef4e8,0x00000005d6380000)
 Metaspace       used 11504K, capacity 11658K, committed 11904K, reserved 1060864K
  class space    used 1347K, capacity 1396K, committed 1408K, reserved 1048576K
Event: 3.538 GC heap after
Heap after GC invocations=8 (full 3):
 PSYoungGen      total 284672K, used 288K [0x0000000715a00000, 0x0000000728500000, 0x00000007c0000000)
  eden space 263168K, 0% used [0x0000000715a00000,0x0000000715a00000,0x0000000725b00000)
  from space 21504K, 1% used [0x0000000725b00000,0x0000000725b48000,0x0000000727000000)
  to   space 21504K, 0% used [0x0000000727000000,0x0000000727000000,0x0000000728500000)
 ParOldGen       total 349696K, used 4029K [0x00000005c0e00000, 0x00000005d6380000, 0x0000000715a00000)
  object space 349696K, 1% used [0x00000005c0e00000,0x00000005c11ef4e8,0x00000005d6380000)
 Metaspace       used 11504K, capacity 11658K, committed 11904K, reserved 1060864K
  class space    used 1347K, capacity 1396K, committed 1408K, reserved 1048576K
}
Event: 3.538 GC heap before
{Heap before GC invocations=9 (full 4):
 PSYoungGen      total 284672K, used 288K [0x0000000715a00000, 0x0000000728500000, 0x00000007c0000000)
  eden space 263168K, 0% used [0x0000000715a00000,0x0000000715a00000,0x0000000725b00000)
  from space 21504K, 1% used [0x0000000725b00000,0x0000000725b48000,0x0000000727000000)
  to   space 21504K, 0% used [0x0000000727000000,0x0000000727000000,0x0000000728500000)
 ParOldGen       total 349696K, used 4029K [0x00000005c0e00000, 0x00000005d6380000, 0x0000000715a00000)
  object space 349696K, 1% used [0x00000005c0e00000,0x00000005c11ef4e8,0x00000005d6380000)
 Metaspace       used 11504K, capacity 11658K, committed 11904K, reserved 1060864K
  class space    used 1347K, capacity 1396K, committed 1408K, reserved 1048576K
Event: 3.550 GC heap after
Heap after GC invocations=9 (full 4):
 PSYoungGen      total 284672K, used 0K [0x0000000715a00000, 0x0000000728500000, 0x00000007c0000000)
  eden space 263168K, 0% used [0x0000000715a00000,0x0000000715a00000,0x0000000725b00000)
  from space 21504K, 0% used [0x0000000725b00000,0x0000000725b00000,0x0000000727000000)
  to   space 21504K, 0% used [0x0000000727000000,0x0000000727000000,0x0000000728500000)
 ParOldGen       total 349696K, used 4031K [0x00000005c0e00000, 0x00000005d6380000, 0x0000000715a00000)
  object space 349696K, 1% used [0x00000005c0e00000,0x00000005c11efdf8,0x00000005d6380000)
 Metaspace       used 11504K, capacity 11658K, committed 11904K, reserved 1060864K
  class space    used 1347K, capacity 1396K, committed 1408K, reserved 1048576K
}

