# JRE version: Java(TM) SE Runtime Environment (8.0_31-b13) (build 1.8.0_31-b13)
# Java VM: Java HotSpot(TM) 64-Bit Server VM (25.31-b07 mixed mode windows-amd64 compressed oops)
Heap:
 PSYoungGen      total 89600K, used 256K [0x0000000715a00000, 0x000000071b500000, 0x00000007c0000000)
  eden space 86016K, 0% used [0x0000000715a00000,0x0000000715a00000,0x000000071ae00000)
  from space 3584K, 7% used [0x000000071ae00000,0x000000071ae40000,0x000000071b180000)
  to   space 3584K, 0% used [0x000000071b180000,0x000000071b180000,0x000000071b500000)
 ParOldGen       total 349696K, used 6563K [0x00000005c0e00000, 0x00000005d6380000, 0x0000000715a00000)
  object space 349696K, 1% used [0x00000005c0e00000,0x00000005c1468cf8,0x00000005d6380000)
 Metaspace       used 15383K, capacity 15654K, committed 16000K, reserved 1062912K
  class space    used 1730K, capacity 1816K, committed 1920K, reserved 1048576K
GC Heap History (10 events):
Event: 37.358 GC heap before
{Heap before GC invocations=49 (full 3):
 PSYoungGen      total 94720K, used 94304K [0x0000000715a00000, 0x000000071bf80000, 0x00000007c0000000)
  eden space 93696K, 100% used [0x0000000715a00000,0x000000071b580000,0x000000071b580000)
  from space 1024K, 59% used [0x000000071b700000,0x000000071b798000,0x000000071b800000)
  to   space 5120K, 0% used [0x000000071ba80000,0x000000071ba80000,0x000000071bf80000)
 ParOldGen       total 349696K, used 6275K [0x00000005c0e00000, 0x00000005d6380000, 0x0000000715a00000)
  object space 349696K, 1% used [0x00000005c0e00000,0x00000005c1420cd8,0x00000005d6380000)
 Metaspace       used 15352K, capacity 15654K, committed 16000K, reserved 1062912K
  class space    used 1729K, capacity 1816K, committed 1920K, reserved 1048576K
Event: 37.360 GC heap after
Heap after GC invocations=49 (full 3):
 PSYoungGen      total 95744K, used 672K [0x0000000715a00000, 0x000000071be00000, 0x00000007c0000000)
  eden space 92160K, 0% used [0x0000000715a00000,0x0000000715a00000,0x000000071b400000)
  from space 3584K, 18% used [0x000000071ba80000,0x000000071bb28000,0x000000071be00000)
  to   space 5120K, 0% used [0x000000071b400000,0x000000071b400000,0x000000071b900000)
 ParOldGen       total 349696K, used 6283K [0x00000005c0e00000, 0x00000005d6380000, 0x0000000715a00000)
  object space 349696K, 1% used [0x00000005c0e00000,0x00000005c1422cd8,0x00000005d6380000)
 Metaspace       used 15352K, capacity 15654K, committed 16000K, reserved 1062912K
  class space    used 1729K, capacity 1816K, committed 1920K, reserved 1048576K
}
Event: 37.760 GC heap before
{Heap before GC invocations=50 (full 3):
 PSYoungGen      total 95744K, used 92832K [0x0000000715a00000, 0x000000071be00000, 0x00000007c0000000)
  eden space 92160K, 100% used [0x0000000715a00000,0x000000071b400000,0x000000071b400000)
  from space 3584K, 18% used [0x000000071ba80000,0x000000071bb28000,0x000000071be00000)
  to   space 5120K, 0% used [0x000000071b400000,0x000000071b400000,0x000000071b900000)
 ParOldGen       total 349696K, used 6283K [0x00000005c0e00000, 0x00000005d6380000, 0x0000000715a00000)
  object space 349696K, 1% used [0x00000005c0e00000,0x00000005c1422cd8,0x00000005d6380000)
 Metaspace       used 15357K, capacity 15654K, committed 16000K, reserved 1062912K
  class space    used 1729K, capacity 1816K, committed 1920K, reserved 1048576K
Event: 37.762 GC heap after
Heap after GC invocations=50 (full 3):
 PSYoungGen      total 91648K, used 768K [0x0000000715a00000, 0x000000071bb80000, 0x00000007c0000000)
  eden space 90624K, 0% used [0x0000000715a00000,0x0000000715a00000,0x000000071b280000)
  from space 1024K, 75% used [0x000000071b400000,0x000000071b4c0000,0x000000071b500000)
  to   space 4608K, 0% used [0x000000071b700000,0x000000071b700000,0x000000071bb80000)
 ParOldGen       total 349696K, used 6379K [0x00000005c0e00000, 0x00000005d6380000, 0x0000000715a00000)
  object space 349696K, 1% used [0x00000005c0e00000,0x00000005c143ace8,0x00000005d6380000)
 Metaspace       used 15357K, capacity 15654K, committed 16000K, reserved 1062912K
  class space    used 1729K, capacity 1816K, committed 1920K, reserved 1048576K
}
Event: 38.060 GC heap before
{Heap before GC invocations=51 (full 3):
 PSYoungGen      total 91648K, used 91392K [0x0000000715a00000, 0x000000071bb80000, 0x00000007c0000000)
  eden space 90624K, 100% used [0x0000000715a00000,0x000000071b280000,0x000000071b280000)
  from space 1024K, 75% used [0x000000071b400000,0x000000071b4c0000,0x000000071b500000)
  to   space 4608K, 0% used [0x000000071b700000,0x000000071b700000,0x000000071bb80000)
 ParOldGen       total 349696K, used 6379K [0x00000005c0e00000, 0x00000005d6380000, 0x0000000715a00000)
  object space 349696K, 1% used [0x00000005c0e00000,0x00000005c143ace8,0x00000005d6380000)
 Metaspace       used 15357K, capacity 15654K, committed 16000K, reserved 1062912K
  class space    used 1729K, capacity 1816K, committed 1920K, reserved 1048576K
Event: 38.062 GC heap after
Heap after GC invocations=51 (full 3):
 PSYoungGen      total 91136K, used 704K [0x0000000715a00000, 0x000000071b900000, 0x00000007c0000000)
  eden space 89088K, 0% used [0x0000000715a00000,0x0000000715a00000,0x000000071b100000)
  from space 2048K, 34% used [0x000000071b700000,0x000000071b7b0000,0x000000071b900000)
  to   space 4096K, 0% used [0x000000071b100000,0x000000071b100000,0x000000071b500000)
 ParOldGen       total 349696K, used 6419K [0x00000005c0e00000, 0x00000005d6380000, 0x0000000715a00000)
  object space 349696K, 1% used [0x00000005c0e00000,0x00000005c1444ce8,0x00000005d6380000)
 Metaspace       used 15357K, capacity 15654K, committed 16000K, reserved 1062912K
  class space    used 1729K, capacity 1816K, committed 1920K, reserved 1048576K
}
Event: 38.464 GC heap before
{Heap before GC invocations=52 (full 3):
 PSYoungGen      total 91136K, used 89792K [0x0000000715a00000, 0x000000071b900000, 0x00000007c0000000)
  eden space 89088K, 100% used [0x0000000715a00000,0x000000071b100000,0x000000071b100000)
  from space 2048K, 34% used [0x000000071b700000,0x000000071b7b0000,0x000000071b900000)
  to   space 4096K, 0% used [0x000000071b100000,0x000000071b100000,0x000000071b500000)
 ParOldGen       total 349696K, used 6419K [0x00000005c0e00000, 0x00000005d6380000, 0x0000000715a00000)
  object space 349696K, 1% used [0x00000005c0e00000,0x00000005c1444ce8,0x00000005d6380000)
 Metaspace       used 15375K, capacity 15654K, committed 16000K, reserved 1062912K
  class space    used 1729K, capacity 1816K, committed 1920K, reserved 1048576K
Event: 38.466 GC heap after
Heap after GC invocations=52 (full 3):
 PSYoungGen      total 88576K, used 672K [0x0000000715a00000, 0x000000071b780000, 0x00000007c0000000)
  eden space 87552K, 0% used [0x0000000715a00000,0x0000000715a00000,0x000000071af80000)
  from space 1024K, 65% used [0x000000071b100000,0x000000071b1a8000,0x000000071b200000)
  to   space 4096K, 0% used [0x000000071b380000,0x000000071b380000,0x000000071b780000)
 ParOldGen       total 349696K, used 6459K [0x00000005c0e00000, 0x00000005d6380000, 0x0000000715a00000)
  object space 349696K, 1% used [0x00000005c0e00000,0x00000005c144ece8,0x00000005d6380000)
 Metaspace       used 15375K, capacity 15654K, committed 16000K, reserved 1062912K
  class space    used 1729K, capacity 1816K, committed 1920K, reserved 1048576K
}
Event: 38.800 GC heap before
{Heap before GC invocations=53 (full 3):
 PSYoungGen      total 88576K, used 88224K [0x0000000715a00000, 0x000000071b780000, 0x00000007c0000000)
  eden space 87552K, 100% used [0x0000000715a00000,0x000000071af80000,0x000000071af80000)
  from space 1024K, 65% used [0x000000071b100000,0x000000071b1a8000,0x000000071b200000)
  to   space 4096K, 0% used [0x000000071b380000,0x000000071b380000,0x000000071b780000)
 ParOldGen       total 349696K, used 6459K [0x00000005c0e00000, 0x00000005d6380000, 0x0000000715a00000)
  object space 349696K, 1% used [0x00000005c0e00000,0x00000005c144ece8,0x00000005d6380000)
 Metaspace       used 15380K, capacity 15654K, committed 16000K, reserved 1062912K
  class space    used 1729K, capacity 1816K, committed 1920K, reserved 1048576K
Event: 38.802 GC heap after
Heap after GC invocations=53 (full 3):
 PSYoungGen      total 87552K, used 768K [0x0000000715a00000, 0x000000071b500000, 0x00000007c0000000)
  eden space 86016K, 0% used [0x0000000715a00000,0x0000000715a00000,0x000000071ae00000)
  from space 1536K, 50% used [0x000000071b380000,0x000000071b440000,0x000000071b500000)
  to   space 3584K, 0% used [0x000000071ae00000,0x000000071ae00000,0x000000071b180000)
 ParOldGen       total 349696K, used 6531K [0x00000005c0e00000, 0x00000005d6380000, 0x0000000715a00000)
  object space 349696K, 1% used [0x00000005c0e00000,0x00000005c1460ce8,0x00000005d6380000)
 Metaspace       used 15380K, capacity 15654K, committed 16000K, reserved 1062912K
  class space    used 1729K, capacity 1816K, committed 1920K, reserved 1048576K
}

