# JRE version: Java(TM) SE Runtime Environment (8.0_31-b13) (build 1.8.0_31-b13)
# Java VM: Java HotSpot(TM) 64-Bit Server VM (25.31-b07 mixed mode windows-amd64 compressed oops)
Heap:
 PSYoungGen      total 257024K, used 5577K [0x0000000715a00000, 0x0000000726900000, 0x00000007c0000000)
  eden space 238592K, 2% used [0x0000000715a00000,0x0000000715f72708,0x0000000724300000)
  from space 18432K, 0% used [0x0000000725700000,0x0000000725700000,0x0000000726900000)
  to   space 19456K, 0% used [0x0000000724300000,0x0000000724300000,0x0000000725600000)
 ParOldGen       total 349696K, used 4895K [0x00000005c0e00000, 0x00000005d6380000, 0x0000000715a00000)
  object space 349696K, 1% used [0x00000005c0e00000,0x00000005c12c7d18,0x00000005d6380000)
 Metaspace       used 14422K, capacity 14692K, committed 14848K, reserved 1062912K
  class space    used 1648K, capacity 1715K, committed 1792K, reserved 1048576K
GC Heap History (10 events):
Event: 20.382 GC heap before
{Heap before GC invocations=25 (full 10):
 PSYoungGen      total 284672K, used 263936K [0x0000000715a00000, 0x0000000728500000, 0x00000007c0000000)
  eden space 263168K, 100% used [0x0000000715a00000,0x0000000725b00000,0x0000000725b00000)
  from space 21504K, 3% used [0x0000000727000000,0x00000007270c0000,0x0000000728500000)
  to   space 21504K, 0% used [0x0000000725b00000,0x0000000725b00000,0x0000000727000000)
 ParOldGen       total 349696K, used 4517K [0x00000005c0e00000, 0x00000005d6380000, 0x0000000715a00000)
  object space 349696K, 1% used [0x00000005c0e00000,0x00000005c1269720,0x00000005d6380000)
 Metaspace       used 14416K, capacity 14692K, committed 14848K, reserved 1062912K
  class space    used 1648K, capacity 1715K, committed 1792K, reserved 1048576K
Event: 20.384 GC heap after
Heap after GC invocations=25 (full 10):
 PSYoungGen      total 255488K, used 768K [0x0000000715a00000, 0x0000000728080000, 0x00000007c0000000)
  eden space 254464K, 0% used [0x0000000715a00000,0x0000000715a00000,0x0000000725280000)
  from space 1024K, 75% used [0x0000000725b00000,0x0000000725bc0000,0x0000000725c00000)
  to   space 23552K, 0% used [0x0000000726980000,0x0000000726980000,0x0000000728080000)
 ParOldGen       total 349696K, used 4517K [0x00000005c0e00000, 0x00000005d6380000, 0x0000000715a00000)
  object space 349696K, 1% used [0x00000005c0e00000,0x00000005c1269720,0x00000005d6380000)
 Metaspace       used 14416K, capacity 14692K, committed 14848K, reserved 1062912K
  class space    used 1648K, capacity 1715K, committed 1792K, reserved 1048576K
}
Event: 20.716 GC heap before
{Heap before GC invocations=26 (full 10):
 PSYoungGen      total 255488K, used 255232K [0x0000000715a00000, 0x0000000728080000, 0x00000007c0000000)
  eden space 254464K, 100% used [0x0000000715a00000,0x0000000725280000,0x0000000725280000)
  from space 1024K, 75% used [0x0000000725b00000,0x0000000725bc0000,0x0000000725c00000)
  to   space 23552K, 0% used [0x0000000726980000,0x0000000726980000,0x0000000728080000)
 ParOldGen       total 349696K, used 4517K [0x00000005c0e00000, 0x00000005d6380000, 0x0000000715a00000)
  object space 349696K, 1% used [0x00000005c0e00000,0x00000005c1269720,0x00000005d6380000)
 Metaspace       used 14416K, capacity 14692K, committed 14848K, reserved 1062912K
  class space    used 1648K, capacity 1715K, committed 1792K, reserved 1048576K
Event: 20.718 GC heap after
Heap after GC invocations=26 (full 10):
 PSYoungGen      total 258560K, used 736K [0x0000000715a00000, 0x0000000727580000, 0x00000007c0000000)
  eden space 246272K, 0% used [0x0000000715a00000,0x0000000715a00000,0x0000000724a80000)
  from space 12288K, 5% used [0x0000000726980000,0x0000000726a38000,0x0000000727580000)
  to   space 22016K, 0% used [0x0000000724a80000,0x0000000724a80000,0x0000000726000000)
 ParOldGen       total 349696K, used 4517K [0x00000005c0e00000, 0x00000005d6380000, 0x0000000715a00000)
  object space 349696K, 1% used [0x00000005c0e00000,0x00000005c1269720,0x00000005d6380000)
 Metaspace       used 14416K, capacity 14692K, committed 14848K, reserved 1062912K
  class space    used 1648K, capacity 1715K, committed 1792K, reserved 1048576K
}
Event: 21.081 GC heap before
{Heap before GC invocations=27 (full 10):
 PSYoungGen      total 258560K, used 247008K [0x0000000715a00000, 0x0000000727580000, 0x00000007c0000000)
  eden space 246272K, 100% used [0x0000000715a00000,0x0000000724a80000,0x0000000724a80000)
  from space 12288K, 5% used [0x0000000726980000,0x0000000726a38000,0x0000000727580000)
  to   space 22016K, 0% used [0x0000000724a80000,0x0000000724a80000,0x0000000726000000)
 ParOldGen       total 349696K, used 4517K [0x00000005c0e00000, 0x00000005d6380000, 0x0000000715a00000)
  object space 349696K, 1% used [0x00000005c0e00000,0x00000005c1269720,0x00000005d6380000)
 Metaspace       used 14417K, capacity 14692K, committed 14848K, reserved 1062912K
  class space    used 1648K, capacity 1715K, committed 1792K, reserved 1048576K
Event: 21.084 GC heap after
Heap after GC invocations=27 (full 10):
 PSYoungGen      total 239616K, used 736K [0x0000000715a00000, 0x0000000726b00000, 0x00000007c0000000)
  eden space 238592K, 0% used [0x0000000715a00000,0x0000000715a00000,0x0000000724300000)
  from space 1024K, 71% used [0x0000000724a80000,0x0000000724b38000,0x0000000724b80000)
  to   space 20480K, 0% used [0x0000000725700000,0x0000000725700000,0x0000000726b00000)
 ParOldGen       total 349696K, used 4573K [0x00000005c0e00000, 0x00000005d6380000, 0x0000000715a00000)
  object space 349696K, 1% used [0x00000005c0e00000,0x00000005c1277720,0x00000005d6380000)
 Metaspace       used 14417K, capacity 14692K, committed 14848K, reserved 1062912K
  class space    used 1648K, capacity 1715K, committed 1792K, reserved 1048576K
}
Event: 21.349 GC heap before
{Heap before GC invocations=28 (full 10):
 PSYoungGen      total 239616K, used 163715K [0x0000000715a00000, 0x0000000726b00000, 0x00000007c0000000)
  eden space 238592K, 68% used [0x0000000715a00000,0x000000071f928ea8,0x0000000724300000)
  from space 1024K, 71% used [0x0000000724a80000,0x0000000724b38000,0x0000000724b80000)
  to   space 20480K, 0% used [0x0000000725700000,0x0000000725700000,0x0000000726b00000)
 ParOldGen       total 349696K, used 4573K [0x00000005c0e00000, 0x00000005d6380000, 0x0000000715a00000)
  object space 349696K, 1% used [0x00000005c0e00000,0x00000005c1277720,0x00000005d6380000)
 Metaspace       used 14417K, capacity 14692K, committed 14848K, reserved 1062912K
  class space    used 1648K, capacity 1715K, committed 1792K, reserved 1048576K
Event: 21.351 GC heap after
Heap after GC invocations=28 (full 10):
 PSYoungGen      total 257024K, used 608K [0x0000000715a00000, 0x0000000726900000, 0x00000007c0000000)
  eden space 238592K, 0% used [0x0000000715a00000,0x0000000715a00000,0x0000000724300000)
  from space 18432K, 3% used [0x0000000725700000,0x0000000725798000,0x0000000726900000)
  to   space 19456K, 0% used [0x0000000724300000,0x0000000724300000,0x0000000725600000)
 ParOldGen       total 349696K, used 4597K [0x00000005c0e00000, 0x00000005d6380000, 0x0000000715a00000)
  object space 349696K, 1% used [0x00000005c0e00000,0x00000005c127d720,0x00000005d6380000)
 Metaspace       used 14417K, capacity 14692K, committed 14848K, reserved 1062912K
  class space    used 1648K, capacity 1715K, committed 1792K, reserved 1048576K
}
Event: 21.351 GC heap before
{Heap before GC invocations=29 (full 11):
 PSYoungGen      total 257024K, used 608K [0x0000000715a00000, 0x0000000726900000, 0x00000007c0000000)
  eden space 238592K, 0% used [0x0000000715a00000,0x0000000715a00000,0x0000000724300000)
  from space 18432K, 3% used [0x0000000725700000,0x0000000725798000,0x0000000726900000)
  to   space 19456K, 0% used [0x0000000724300000,0x0000000724300000,0x0000000725600000)
 ParOldGen       total 349696K, used 4597K [0x00000005c0e00000, 0x00000005d6380000, 0x0000000715a00000)
  object space 349696K, 1% used [0x00000005c0e00000,0x00000005c127d720,0x00000005d6380000)
 Metaspace       used 14417K, capacity 14692K, committed 14848K, reserved 1062912K
  class space    used 1648K, capacity 1715K, committed 1792K, reserved 1048576K
Event: 21.371 GC heap after
Heap after GC invocations=29 (full 11):
 PSYoungGen      total 257024K, used 0K [0x0000000715a00000, 0x0000000726900000, 0x00000007c0000000)
  eden space 238592K, 0% used [0x0000000715a00000,0x0000000715a00000,0x0000000724300000)
  from space 18432K, 0% used [0x0000000725700000,0x0000000725700000,0x0000000726900000)
  to   space 19456K, 0% used [0x0000000724300000,0x0000000724300000,0x0000000725600000)
 ParOldGen       total 349696K, used 4895K [0x00000005c0e00000, 0x00000005d6380000, 0x0000000715a00000)
  object space 349696K, 1% used [0x00000005c0e00000,0x00000005c12c7d18,0x00000005d6380000)
 Metaspace       used 14417K, capacity 14692K, committed 14848K, reserved 1062912K
  class space    used 1648K, capacity 1715K, committed 1792K, reserved 1048576K
}

