# JRE version: Java(TM) SE Runtime Environment (8.0_31-b13) (build 1.8.0_31-b13)
# Java VM: Java HotSpot(TM) 64-Bit Server VM (25.31-b07 mixed mode windows-amd64 compressed oops)
Heap:
 PSYoungGen      total 177664K, used 12553K [0x0000000715a00000, 0x0000000722580000, 0x00000007c0000000)
  eden space 176640K, 6% used [0x0000000715a00000,0x000000071657a588,0x0000000720680000)
  from space 1024K, 78% used [0x0000000720b80000,0x0000000720c48000,0x0000000720c80000)
  to   space 15872K, 0% used [0x0000000721600000,0x0000000721600000,0x0000000722580000)
 ParOldGen       total 349696K, used 4847K [0x00000005c0e00000, 0x00000005d6380000, 0x0000000715a00000)
  object space 349696K, 1% used [0x00000005c0e00000,0x00000005c12bbcc8,0x00000005d6380000)
 Metaspace       used 14482K, capacity 14756K, committed 14848K, reserved 1062912K
  class space    used 1650K, capacity 1715K, committed 1792K, reserved 1048576K
GC Heap History (10 events):
Event: 13.698 GC heap before
{Heap before GC invocations=21 (full 4):
 PSYoungGen      total 218624K, used 205088K [0x0000000715a00000, 0x0000000724c80000, 0x00000007c0000000)
  eden space 204288K, 100% used [0x0000000715a00000,0x0000000722180000,0x0000000722180000)
  from space 14336K, 5% used [0x0000000723e80000,0x0000000723f48000,0x0000000724c80000)
  to   space 22016K, 0% used [0x0000000722180000,0x0000000722180000,0x0000000723700000)
 ParOldGen       total 349696K, used 4775K [0x00000005c0e00000, 0x00000005d6380000, 0x0000000715a00000)
  object space 349696K, 1% used [0x00000005c0e00000,0x00000005c12a9cc8,0x00000005d6380000)
 Metaspace       used 14460K, capacity 14756K, committed 14848K, reserved 1062912K
  class space    used 1650K, capacity 1715K, committed 1792K, reserved 1048576K
Event: 13.702 GC heap after
Heap after GC invocations=21 (full 4):
 PSYoungGen      total 199168K, used 736K [0x0000000715a00000, 0x0000000724380000, 0x00000007c0000000)
  eden space 198144K, 0% used [0x0000000715a00000,0x0000000715a00000,0x0000000721b80000)
  from space 1024K, 71% used [0x0000000722180000,0x0000000722238000,0x0000000722280000)
  to   space 20480K, 0% used [0x0000000722f80000,0x0000000722f80000,0x0000000724380000)
 ParOldGen       total 349696K, used 4799K [0x00000005c0e00000, 0x00000005d6380000, 0x0000000715a00000)
  object space 349696K, 1% used [0x00000005c0e00000,0x00000005c12afcc8,0x00000005d6380000)
 Metaspace       used 14460K, capacity 14756K, committed 14848K, reserved 1062912K
  class space    used 1650K, capacity 1715K, committed 1792K, reserved 1048576K
}
Event: 14.066 GC heap before
{Heap before GC invocations=22 (full 4):
 PSYoungGen      total 199168K, used 198880K [0x0000000715a00000, 0x0000000724380000, 0x00000007c0000000)
  eden space 198144K, 100% used [0x0000000715a00000,0x0000000721b80000,0x0000000721b80000)
  from space 1024K, 71% used [0x0000000722180000,0x0000000722238000,0x0000000722280000)
  to   space 20480K, 0% used [0x0000000722f80000,0x0000000722f80000,0x0000000724380000)
 ParOldGen       total 349696K, used 4799K [0x00000005c0e00000, 0x00000005d6380000, 0x0000000715a00000)
  object space 349696K, 1% used [0x00000005c0e00000,0x00000005c12afcc8,0x00000005d6380000)
 Metaspace       used 14461K, capacity 14756K, committed 14848K, reserved 1062912K
  class space    used 1650K, capacity 1715K, committed 1792K, reserved 1048576K
Event: 14.068 GC heap after
Heap after GC invocations=22 (full 4):
 PSYoungGen      total 205312K, used 736K [0x0000000715a00000, 0x0000000723c00000, 0x00000007c0000000)
  eden space 192512K, 0% used [0x0000000715a00000,0x0000000715a00000,0x0000000721600000)
  from space 12800K, 5% used [0x0000000722f80000,0x0000000723038000,0x0000000723c00000)
  to   space 19456K, 0% used [0x0000000721600000,0x0000000721600000,0x0000000722900000)
 ParOldGen       total 349696K, used 4807K [0x00000005c0e00000, 0x00000005d6380000, 0x0000000715a00000)
  object space 349696K, 1% used [0x00000005c0e00000,0x00000005c12b1cc8,0x00000005d6380000)
 Metaspace       used 14461K, capacity 14756K, committed 14848K, reserved 1062912K
  class space    used 1650K, capacity 1715K, committed 1792K, reserved 1048576K
}
Event: 14.466 GC heap before
{Heap before GC invocations=23 (full 4):
 PSYoungGen      total 205312K, used 193248K [0x0000000715a00000, 0x0000000723c00000, 0x00000007c0000000)
  eden space 192512K, 100% used [0x0000000715a00000,0x0000000721600000,0x0000000721600000)
  from space 12800K, 5% used [0x0000000722f80000,0x0000000723038000,0x0000000723c00000)
  to   space 19456K, 0% used [0x0000000721600000,0x0000000721600000,0x0000000722900000)
 ParOldGen       total 349696K, used 4807K [0x00000005c0e00000, 0x00000005d6380000, 0x0000000715a00000)
  object space 349696K, 1% used [0x00000005c0e00000,0x00000005c12b1cc8,0x00000005d6380000)
 Metaspace       used 14465K, capacity 14756K, committed 14848K, reserved 1062912K
  class space    used 1650K, capacity 1715K, committed 1792K, reserved 1048576K
Event: 14.468 GC heap after
Heap after GC invocations=23 (full 4):
 PSYoungGen      total 187904K, used 704K [0x0000000715a00000, 0x0000000723480000, 0x00000007c0000000)
  eden space 186880K, 0% used [0x0000000715a00000,0x0000000715a00000,0x0000000721080000)
  from space 1024K, 68% used [0x0000000721600000,0x00000007216b0000,0x0000000721700000)
  to   space 18432K, 0% used [0x0000000722280000,0x0000000722280000,0x0000000723480000)
 ParOldGen       total 349696K, used 4807K [0x00000005c0e00000, 0x00000005d6380000, 0x0000000715a00000)
  object space 349696K, 1% used [0x00000005c0e00000,0x00000005c12b1cc8,0x00000005d6380000)
 Metaspace       used 14465K, capacity 14756K, committed 14848K, reserved 1062912K
  class space    used 1650K, capacity 1715K, committed 1792K, reserved 1048576K
}
Event: 33.263 GC heap before
{Heap before GC invocations=24 (full 4):
 PSYoungGen      total 187904K, used 187584K [0x0000000715a00000, 0x0000000723480000, 0x00000007c0000000)
  eden space 186880K, 100% used [0x0000000715a00000,0x0000000721080000,0x0000000721080000)
  from space 1024K, 68% used [0x0000000721600000,0x00000007216b0000,0x0000000721700000)
  to   space 18432K, 0% used [0x0000000722280000,0x0000000722280000,0x0000000723480000)
 ParOldGen       total 349696K, used 4807K [0x00000005c0e00000, 0x00000005d6380000, 0x0000000715a00000)
  object space 349696K, 1% used [0x00000005c0e00000,0x00000005c12b1cc8,0x00000005d6380000)
 Metaspace       used 14476K, capacity 14756K, committed 14848K, reserved 1062912K
  class space    used 1650K, capacity 1715K, committed 1792K, reserved 1048576K
Event: 33.272 GC heap after
Heap after GC invocations=24 (full 4):
 PSYoungGen      total 192000K, used 736K [0x0000000715a00000, 0x0000000722c80000, 0x00000007c0000000)
  eden space 181760K, 0% used [0x0000000715a00000,0x0000000715a00000,0x0000000720b80000)
  from space 10240K, 7% used [0x0000000722280000,0x0000000722338000,0x0000000722c80000)
  to   space 16896K, 0% used [0x0000000720b80000,0x0000000720b80000,0x0000000721c00000)
 ParOldGen       total 349696K, used 4807K [0x00000005c0e00000, 0x00000005d6380000, 0x0000000715a00000)
  object space 349696K, 1% used [0x00000005c0e00000,0x00000005c12b1cc8,0x00000005d6380000)
 Metaspace       used 14476K, capacity 14756K, committed 14848K, reserved 1062912K
  class space    used 1650K, capacity 1715K, committed 1792K, reserved 1048576K
}
Event: 74.387 GC heap before
{Heap before GC invocations=25 (full 4):
 PSYoungGen      total 192000K, used 182496K [0x0000000715a00000, 0x0000000722c80000, 0x00000007c0000000)
  eden space 181760K, 100% used [0x0000000715a00000,0x0000000720b80000,0x0000000720b80000)
  from space 10240K, 7% used [0x0000000722280000,0x0000000722338000,0x0000000722c80000)
  to   space 16896K, 0% used [0x0000000720b80000,0x0000000720b80000,0x0000000721c00000)
 ParOldGen       total 349696K, used 4807K [0x00000005c0e00000, 0x00000005d6380000, 0x0000000715a00000)
  object space 349696K, 1% used [0x00000005c0e00000,0x00000005c12b1cc8,0x00000005d6380000)
 Metaspace       used 14478K, capacity 14756K, committed 14848K, reserved 1062912K
  class space    used 1650K, capacity 1715K, committed 1792K, reserved 1048576K
Event: 74.392 GC heap after
Heap after GC invocations=25 (full 4):
 PSYoungGen      total 177664K, used 800K [0x0000000715a00000, 0x0000000722580000, 0x00000007c0000000)
  eden space 176640K, 0% used [0x0000000715a00000,0x0000000715a00000,0x0000000720680000)
  from space 1024K, 78% used [0x0000000720b80000,0x0000000720c48000,0x0000000720c80000)
  to   space 15872K, 0% used [0x0000000721600000,0x0000000721600000,0x0000000722580000)
 ParOldGen       total 349696K, used 4847K [0x00000005c0e00000, 0x00000005d6380000, 0x0000000715a00000)
  object space 349696K, 1% used [0x00000005c0e00000,0x00000005c12bbcc8,0x00000005d6380000)
 Metaspace       used 14478K, capacity 14756K, committed 14848K, reserved 1062912K
  class space    used 1650K, capacity 1715K, committed 1792K, reserved 1048576K
}

